0 info it worked if it ends with ok
1 verbose cli [ 'node',
1 verbose cli   '/Users/open/.nvm/versions/node/v0.12.7/bin/npm',
1 verbose cli   'start' ]
2 info using npm@3.10.5
3 info using node@v0.12.7
4 verbose run-script [ 'prestart', 'start', 'poststart' ]
5 info lifecycle videojs-open@1.0.0~prestart: videojs-open@1.0.0
6 silly lifecycle videojs-open@1.0.0~prestart: no script for prestart, continuing
7 info lifecycle videojs-open@1.0.0~start: videojs-open@1.0.0
8 verbose lifecycle videojs-open@1.0.0~start: unsafe-perm in lifecycle true
9 verbose lifecycle videojs-open@1.0.0~start: PATH: /Users/open/.nvm/versions/node/v0.12.7/lib/node_modules/npm/bin/node-gyp-bin:/Users/open/Documents/Work/SourceTree/vjs-open/node_modules/.bin:/Users/open/.nvm/versions/node/v0.12.7/bin:/Users/open/Documents/Tools/mac/android/adt-bundle-mac-x86_64-20131030/sdk/tools:/Users/open/Documents/Tools/mac/android/adt-bundle-mac-x86_64-20131030/sdk/platform-tools:/Users/open/.nvm/versions/node/v0.12.7/bin:/usr/local/bin:/usr/bin:/bin:/usr/sbin:/sbin:/usr/local/share/dotnet:/usr/local/apache-ant-1.9.3/bin
10 verbose lifecycle videojs-open@1.0.0~start: CWD: /Users/open/Documents/Work/SourceTree/vjs-open
11 silly lifecycle videojs-open@1.0.0~start: Args: [ '-c', 'babel-node scripts/server.js' ]
12 silly lifecycle videojs-open@1.0.0~start: Returned: code: 1  signal: null
13 info lifecycle videojs-open@1.0.0~start: Failed to exec start script
14 verbose stack Error: videojs-open@1.0.0 start: `babel-node scripts/server.js`
14 verbose stack Exit status 1
14 verbose stack     at EventEmitter.<anonymous> (/Users/open/.nvm/versions/node/v0.12.7/lib/node_modules/npm/lib/utils/lifecycle.js:242:16)
14 verbose stack     at EventEmitter.emit (events.js:110:17)
14 verbose stack     at ChildProcess.<anonymous> (/Users/open/.nvm/versions/node/v0.12.7/lib/node_modules/npm/lib/utils/spawn.js:40:14)
14 verbose stack     at ChildProcess.emit (events.js:110:17)
14 verbose stack     at maybeClose (child_process.js:1015:16)
14 verbose stack     at Process.ChildProcess._handle.onexit (child_process.js:1087:5)
15 verbose pkgid videojs-open@1.0.0
16 verbose cwd /Users/open/Documents/Work/SourceTree/vjs-open
17 error Darwin 15.6.0
18 error argv "node" "/Users/open/.nvm/versions/node/v0.12.7/bin/npm" "start"
19 error node v0.12.7
20 error npm  v3.10.5
21 error code ELIFECYCLE
22 error videojs-open@1.0.0 start: `babel-node scripts/server.js`
22 error Exit status 1
23 error Failed at the videojs-open@1.0.0 start script 'babel-node scripts/server.js'.
23 error Make sure you have the latest version of node.js and npm installed.
23 error If you do, this is most likely a problem with the videojs-open package,
23 error not with npm itself.
23 error Tell the author that this fails on your system:
23 error     babel-node scripts/server.js
23 error You can get information on how to open an issue for this project with:
23 error     npm bugs videojs-open
23 error Or if that isn't available, you can get their info via:
23 error     npm owner ls videojs-open
23 error There is likely additional logging output above.
24 verbose exit [ 1, true ]
